<?xml version="1.0" encoding="UTF-8"?>
<!-- Generated by org.testng.reporters.JUnitXMLReporter -->
<testsuite hostname="LAPTOP-QN6589O8" name="Test" tests="3" failures="0" timestamp="8 Jan 2022 04:11:22 GMT" time="35.083" errors="0">
  <testcase name="GmailTestCase" time="10.952" classname="com.automation.app.businessscript.GmailTestCase"/>
  <testcase name="instituteTest" time="10.411" classname="com.automation.app.businessscript.InstituteTestCase"/>
  <testcase name="facebookTest" time="13.532" classname="com.automation.app.businessscript.FacebookTest"/>
</testsuite> <!-- Test -->
