<?xml version="1.0" encoding="UTF-8"?>
<testng-results skipped="0" failed="0" total="3" passed="3">
  <reporter-output>
  </reporter-output>
  <suite name="Suite" duration-ms="35083" started-at="2022-01-08T04:10:45Z" finished-at="2022-01-08T04:11:20Z">
    <groups>
    </groups>
    <test name="Test" duration-ms="35083" started-at="2022-01-08T04:10:45Z" finished-at="2022-01-08T04:11:20Z">
      <class name="com.automation.app.businessscript.InstituteTestCase">
        <test-method status="PASS" signature="beforeTCExecution(java.lang.reflect.Method)[pri:0, instance:com.automation.app.businessscript.InstituteTestCase@36d64342]" name="beforeTCExecution" is-config="true" duration-ms="0" started-at="2022-01-08T09:40:56Z" finished-at="2022-01-08T09:40:56Z">
          <params>
            <param index="0">
              <value>
                <![CDATA[public void com.automation.app.businessscript.InstituteTestCase.instituteTest()]]>
              </value>
            </param>
          </params>
          <reporter-output>
          </reporter-output>
        </test-method> <!-- beforeTCExecution -->
        <test-method status="PASS" signature="instituteTest()[pri:0, instance:com.automation.app.businessscript.InstituteTestCase@36d64342]" name="instituteTest" duration-ms="10411" started-at="2022-01-08T09:40:56Z" finished-at="2022-01-08T09:41:07Z">
          <reporter-output>
          </reporter-output>
        </test-method> <!-- instituteTest -->
        <test-method status="PASS" signature="afterTCExecution(org.testng.ITestResult)[pri:0, instance:com.automation.app.businessscript.InstituteTestCase@36d64342]" name="afterTCExecution" is-config="true" duration-ms="10" started-at="2022-01-08T09:41:07Z" finished-at="2022-01-08T09:41:07Z">
          <params>
            <param index="0">
              <value>
                <![CDATA[[TestResult name=instituteTest status=SUCCESS method=InstituteTestCase.instituteTest()[pri:0, instance:com.automation.app.businessscript.InstituteTestCase@36d64342] output={null}]]]>
              </value>
            </param>
          </params>
          <reporter-output>
          </reporter-output>
        </test-method> <!-- afterTCExecution -->
      </class> <!-- com.automation.app.businessscript.InstituteTestCase -->
      <class name="com.automation.app.businessscript.FacebookTest">
        <test-method status="PASS" signature="beforeTCExecution(java.lang.reflect.Method)[pri:0, instance:com.automation.app.businessscript.FacebookTest@39ba5a14]" name="beforeTCExecution" is-config="true" duration-ms="1" started-at="2022-01-08T09:41:07Z" finished-at="2022-01-08T09:41:07Z">
          <params>
            <param index="0">
              <value>
                <![CDATA[public void com.automation.app.businessscript.FacebookTest.facebookTest()]]>
              </value>
            </param>
          </params>
          <reporter-output>
          </reporter-output>
        </test-method> <!-- beforeTCExecution -->
        <test-method status="PASS" signature="facebookTest()[pri:0, instance:com.automation.app.businessscript.FacebookTest@39ba5a14]" name="facebookTest" duration-ms="13532" started-at="2022-01-08T09:41:07Z" finished-at="2022-01-08T09:41:20Z">
          <reporter-output>
          </reporter-output>
        </test-method> <!-- facebookTest -->
        <test-method status="PASS" signature="afterTCExecution(org.testng.ITestResult)[pri:0, instance:com.automation.app.businessscript.FacebookTest@39ba5a14]" name="afterTCExecution" is-config="true" duration-ms="0" started-at="2022-01-08T09:41:20Z" finished-at="2022-01-08T09:41:20Z">
          <params>
            <param index="0">
              <value>
                <![CDATA[[TestResult name=facebookTest status=SUCCESS method=FacebookTest.facebookTest()[pri:0, instance:com.automation.app.businessscript.FacebookTest@39ba5a14] output={null}]]]>
              </value>
            </param>
          </params>
          <reporter-output>
          </reporter-output>
        </test-method> <!-- afterTCExecution -->
      </class> <!-- com.automation.app.businessscript.FacebookTest -->
      <class name="com.automation.app.businessscript.GmailTestCase">
        <test-method status="PASS" signature="openBrowser(java.lang.String)[pri:0, instance:com.automation.app.businessscript.GmailTestCase@7f63425a]" name="openBrowser" is-config="true" duration-ms="14513" started-at="2022-01-08T09:40:31Z" finished-at="2022-01-08T09:40:45Z">
          <params>
            <param index="0">
              <value>
                <![CDATA[chrome]]>
              </value>
            </param>
          </params>
          <reporter-output>
          </reporter-output>
        </test-method> <!-- openBrowser -->
        <test-method status="PASS" signature="GmailTestCase()[pri:0, instance:com.automation.app.businessscript.GmailTestCase@7f63425a]" name="GmailTestCase" duration-ms="10952" started-at="2022-01-08T09:40:45Z" finished-at="2022-01-08T09:40:56Z">
          <reporter-output>
          </reporter-output>
        </test-method> <!-- GmailTestCase -->
        <test-method status="PASS" signature="beforeTCExecution(java.lang.reflect.Method)[pri:0, instance:com.automation.app.businessscript.GmailTestCase@7f63425a]" name="beforeTCExecution" is-config="true" duration-ms="0" started-at="2022-01-08T09:40:45Z" finished-at="2022-01-08T09:40:45Z">
          <params>
            <param index="0">
              <value>
                <![CDATA[public void com.automation.app.businessscript.GmailTestCase.GmailTestCase()]]>
              </value>
            </param>
          </params>
          <reporter-output>
          </reporter-output>
        </test-method> <!-- beforeTCExecution -->
        <test-method status="PASS" signature="afterTCExecution(org.testng.ITestResult)[pri:0, instance:com.automation.app.businessscript.GmailTestCase@7f63425a]" name="afterTCExecution" is-config="true" duration-ms="0" started-at="2022-01-08T09:40:56Z" finished-at="2022-01-08T09:40:56Z">
          <params>
            <param index="0">
              <value>
                <![CDATA[[TestResult name=GmailTestCase status=SUCCESS method=GmailTestCase.GmailTestCase()[pri:0, instance:com.automation.app.businessscript.GmailTestCase@7f63425a] output={null}]]]>
              </value>
            </param>
          </params>
          <reporter-output>
          </reporter-output>
        </test-method> <!-- afterTCExecution -->
        <test-method status="PASS" signature="closeBrowser()[pri:0, instance:com.automation.app.businessscript.GmailTestCase@7f63425a]" name="closeBrowser" is-config="true" duration-ms="66" started-at="2022-01-08T09:41:23Z" finished-at="2022-01-08T09:41:23Z">
          <reporter-output>
          </reporter-output>
        </test-method> <!-- closeBrowser -->
      </class> <!-- com.automation.app.businessscript.GmailTestCase -->
    </test> <!-- Test -->
  </suite> <!-- Suite -->
</testng-results>
